[00:08:27] [main/INFO]: Loading Minecraft 1.20.4 with Fabric Loader 0.16.3
[00:08:27] [main/INFO]: Loading 4 mods:
	- fabricloader 0.16.3
	   \-- mixinextras 0.4.1
	- java 21
	- minecraft 1.20.4
[00:08:27] [main/INFO]: SpongePowered MIXIN Subsystem Version=0.8.7 Source=file:/workspaces/server/servidor_minecraft/libraries/net/fabricmc/sponge-mixin/0.15.2+mixin.0.8.7/sponge-mixin-0.15.2+mixin.0.8.7.jar Service=Knot/Fabric Env=SERVER
[00:08:32] [main/INFO]: Environment: Environment[sessionHost=https://sessionserver.mojang.com, servicesHost=https://api.minecraftservices.com, name=PROD]
[00:08:33] [main/INFO]: No existing world data, creating new world
[00:08:34] [main/INFO]: Loaded 7 recipes
[00:08:34] [main/INFO]: Loaded 1271 advancements
[00:08:35] [Server thread/INFO]: Starting minecraft server version 1.20.4
[00:08:35] [Server thread/INFO]: Loading properties
[00:08:35] [Server thread/INFO]: Default game type: SURVIVAL
[00:08:35] [Server thread/INFO]: Generating keypair
[00:08:35] [Server thread/INFO]: Starting Minecraft server on *:25565
[00:08:35] [Server thread/INFO]: Using epoll channel type
[00:08:35] [Server thread/WARN]: **** SERVER IS RUNNING IN OFFLINE/INSECURE MODE!
[00:08:35] [Server thread/WARN]: The server will make no attempt to authenticate usernames. Beware.
[00:08:35] [Server thread/WARN]: While this makes the game possible to play without internet access, it also opens up the ability for hackers to connect with any username they choose.
[00:08:35] [Server thread/WARN]: To change this, set "online-mode" to "true" in the server.properties file.
[00:08:35] [Server thread/INFO]: Preparing level "world"
[00:08:41] [Server thread/INFO]: Preparing start region for dimension minecraft:overworld
[00:08:42] [Worker-Main-1/INFO]: Preparing spawn area: 0%
[00:08:42] [Worker-Main-2/INFO]: Preparing spawn area: 0%
[00:08:42] [Worker-Main-2/INFO]: Preparing spawn area: 0%
[00:08:43] [Worker-Main-1/INFO]: Preparing spawn area: 0%
[00:08:43] [Worker-Main-2/INFO]: Preparing spawn area: 0%
[00:08:44] [Worker-Main-3/INFO]: Preparing spawn area: 1%
[00:08:44] [Worker-Main-2/INFO]: Preparing spawn area: 1%
[00:08:45] [Worker-Main-1/INFO]: Preparing spawn area: 2%
[00:08:45] [Worker-Main-3/INFO]: Preparing spawn area: 3%
[00:08:46] [Worker-Main-3/INFO]: Preparing spawn area: 4%
[00:08:46] [Worker-Main-3/INFO]: Preparing spawn area: 5%
[00:08:47] [Worker-Main-3/INFO]: Preparing spawn area: 6%
[00:08:47] [Worker-Main-1/INFO]: Preparing spawn area: 8%
[00:08:48] [Worker-Main-3/INFO]: Preparing spawn area: 10%
[00:08:48] [Worker-Main-1/INFO]: Preparing spawn area: 11%
[00:08:49] [Worker-Main-1/INFO]: Preparing spawn area: 13%
[00:08:49] [Worker-Main-3/INFO]: Preparing spawn area: 15%
[00:08:50] [Worker-Main-3/INFO]: Preparing spawn area: 16%
[00:08:50] [Worker-Main-2/INFO]: Preparing spawn area: 17%
[00:08:51] [Worker-Main-3/INFO]: Preparing spawn area: 19%
[00:08:51] [Worker-Main-1/INFO]: Preparing spawn area: 21%
[00:08:52] [Worker-Main-1/INFO]: Preparing spawn area: 23%
[00:08:52] [Worker-Main-3/INFO]: Preparing spawn area: 25%
[00:08:53] [Worker-Main-1/INFO]: Preparing spawn area: 27%
[00:08:53] [Worker-Main-2/INFO]: Preparing spawn area: 30%
[00:08:54] [Worker-Main-2/INFO]: Preparing spawn area: 31%
[00:08:54] [Worker-Main-1/INFO]: Preparing spawn area: 33%
[00:08:55] [Worker-Main-3/INFO]: Preparing spawn area: 35%
[00:08:55] [Worker-Main-1/INFO]: Preparing spawn area: 37%
[00:08:56] [Worker-Main-1/INFO]: Preparing spawn area: 40%
[00:08:56] [Worker-Main-2/INFO]: Preparing spawn area: 42%
[00:08:57] [Worker-Main-3/INFO]: Preparing spawn area: 44%
[00:08:57] [Worker-Main-2/INFO]: Preparing spawn area: 46%
[00:08:58] [Worker-Main-2/INFO]: Preparing spawn area: 48%
[00:08:58] [Worker-Main-1/INFO]: Preparing spawn area: 51%
[00:08:59] [Worker-Main-3/INFO]: Preparing spawn area: 54%
[00:08:59] [Worker-Main-1/INFO]: Preparing spawn area: 56%
[00:09:00] [Worker-Main-2/INFO]: Preparing spawn area: 58%
[00:09:00] [Worker-Main-3/INFO]: Preparing spawn area: 61%
[00:09:01] [Worker-Main-2/INFO]: Preparing spawn area: 63%
[00:09:01] [Worker-Main-3/INFO]: Preparing spawn area: 67%
[00:09:02] [Worker-Main-2/INFO]: Preparing spawn area: 69%
[00:09:02] [Worker-Main-2/INFO]: Preparing spawn area: 72%
[00:09:03] [Worker-Main-2/INFO]: Preparing spawn area: 74%
[00:09:03] [Worker-Main-1/INFO]: Preparing spawn area: 76%
[00:09:04] [Worker-Main-3/INFO]: Preparing spawn area: 79%
[00:09:04] [Worker-Main-1/INFO]: Preparing spawn area: 82%
[00:09:05] [Worker-Main-3/INFO]: Preparing spawn area: 84%
[00:09:05] [Worker-Main-1/INFO]: Preparing spawn area: 87%
[00:09:06] [Worker-Main-3/INFO]: Preparing spawn area: 89%
[00:09:06] [Worker-Main-1/INFO]: Preparing spawn area: 92%
[00:09:07] [Worker-Main-2/INFO]: Preparing spawn area: 95%
[00:09:07] [Worker-Main-2/INFO]: Preparing spawn area: 99%
[00:09:07] [Server thread/INFO]: Time elapsed: 26196 ms
[00:09:07] [Server thread/INFO]: Done (32.508s)! For help, type "help"
[00:09:08] [Server thread/INFO]: Unknown or incomplete command, see below for error
[00:09:08] [Server thread/INFO]: home/codespace/.python/current/bin/python /workspaces/server/msx.py<--[HERE]
[00:31:20] [Server thread/INFO]: iOskxll[/127.27.8.124:55585] logged in with entity id 484 at (-29.5, 67.0, -41.5)
[00:31:20] [Server thread/INFO]: iOskxll joined the game
[00:31:56] [Server thread/INFO]: [Not Secure] <iOskxll> perate
[00:31:59] [Server thread/INFO]: [Not Secure] <iOskxll> im loading
[00:40:47] [Server thread/INFO]: iOskxll lost connection: Disconnected
[00:40:47] [Server thread/INFO]: iOskxll left the game
[00:40:59] [Server thread/INFO]: iOskxll[/127.27.8.124:33601] logged in with entity id 2026 at (-8.813627741891375, 63.0, -23.695192310350606)
[00:40:59] [Server thread/INFO]: iOskxll joined the game
[00:43:48] [Server thread/INFO]: iOskxll lost connection: Disconnected
[00:43:48] [Server thread/INFO]: iOskxll left the game
